<?xml version="1.0" encoding="UTF-8"?>
<urlset xmlns="http://www.sitemaps.org/schemas/sitemap/0.9">
  <url><loc>https://invalid-domain-that-does-not-exist-12345.com/</loc></url>
  <url><loc>https://example.com/404-not-found</loc></url>
</urlset>